<?xml version="1.0" encoding="UTF-8"?>
<!-- Generated by org.testng.reporters.JUnitReportReporter -->
<testsuite hostname="DESKTOP-TCSV7VD" failures="0" tests="1" name="com.dps.TestCase.TC_001_LoginTest" time="16.400" errors="0" timestamp="2021-02-16T22:42:31 IST" skipped="0">
  <testcase classname="com.dps.TestCase.TC_001_LoginTest" name="LoginTest" time="16.400"/>
  <system-out/>
</testsuite> <!-- com.dps.TestCase.TC_001_LoginTest -->
